<?xml version="1.0" encoding="UTF-8"?>
<testsuite name="TestSuite" time="37.565" tests="7" errors="0" skipped="0" failures="4">
  <properties>
[...]
</properties>
  <testcase name="loginTest" classname="com.inetBanking.testCases.TC_LoginTest_001" time="3.82">
    <failure type="java.lang.AssertionError:">java.lang.AssertionError: null
	at org.junit.Assert.fail(Assert.java:86)
	at org.junit.Assert.assertTrue(Assert.java:41)
	at org.junit.Assert.assertTrue(Assert.java:52)
	at com.inetBanking.testCases.TC_LoginTest_001.loginTest(TC_LoginTest_001.java:29)
</failure>
    <system-out><![CDATA[ INFO [main] (TC_LoginTest_001.java:15)- URL is opened
 INFO [main] (TC_LoginTest_001.java:18)- Username is entered
 INFO [main] (TC_LoginTest_001.java:20)- Password is entered
Screenshot taken
]]></system-out>
    <system-err><![CDATA[SLF4J: Failed to load class "org.slf4j.impl.StaticLoggerBinder".
SLF4J: Defaulting to no-operation (NOP) logger implementation
SLF4J: See http://www.slf4j.org/codes.html#StaticLoggerBinder for further details.
ERROR StatusLogger Log4j2 could not find a logging implementation. Please add log4j-core to the classpath. Using SimpleLogger to log to the console...
Starting ChromeDriver 99.0.4844.51 (d537ec02474b5afe23684e7963d538896c63ac77-refs/branch-heads/4844@{#875}) on port 58956
Only local connections are allowed.
Please see https://chromedriver.chromium.org/security-considerations for suggestions on keeping ChromeDriver safe.
ChromeDriver was started successfully.
Mar 22, 2022 10:36:46 PM org.openqa.selenium.remote.ProtocolHandshake createSession
INFO: Detected dialect: W3C
Mar 22, 2022 10:36:46 PM org.openqa.selenium.devtools.CdpVersionFinder findNearestMatch
WARNING: Unable to find an exact match for CDP version 99, so returning the closest version found: 97
Mar 22, 2022 10:36:46 PM org.openqa.selenium.devtools.CdpVersionFinder findNearestMatch
INFO: Found CDP implementation for version 99 of 97
]]></system-err>
  </testcase>
  <testcase name="loginDDT" classname="com.inetBanking.testCases.TC_LoginDDT_002" time="11.445"/>
  <testcase name="loginDDT" classname="com.inetBanking.testCases.TC_LoginDDT_002" time="6.564">
    <failure type="java.lang.AssertionError:">java.lang.AssertionError: null
	at org.junit.Assert.fail(Assert.java:86)
	at org.junit.Assert.assertTrue(Assert.java:41)
	at org.junit.Assert.assertTrue(Assert.java:52)
	at com.inetBanking.testCases.TC_LoginDDT_002.loginDDT(TC_LoginDDT_002.java:28)
</failure>
    <system-out><![CDATA[ INFO [main] (TC_LoginDDT_002.java:18)- Username entered
 INFO [main] (TC_LoginDDT_002.java:20)- Password entered
 INFO [main] (TC_LoginDDT_002.java:22)- Clicked Submit
]]></system-out>
  </testcase>
  <testcase name="loginDDT" classname="com.inetBanking.testCases.TC_LoginDDT_002" time="5.983">
    <failure type="java.lang.AssertionError:">java.lang.AssertionError: null
	at org.junit.Assert.fail(Assert.java:86)
	at org.junit.Assert.assertTrue(Assert.java:41)
	at org.junit.Assert.assertTrue(Assert.java:52)
	at com.inetBanking.testCases.TC_LoginDDT_002.loginDDT(TC_LoginDDT_002.java:28)
</failure>
    <system-out><![CDATA[ INFO [main] (TC_LoginDDT_002.java:18)- Username entered
 INFO [main] (TC_LoginDDT_002.java:20)- Password entered
 INFO [main] (TC_LoginDDT_002.java:22)- Clicked Submit
]]></system-out>
  </testcase>
  <testcase name="loginDDT" classname="com.inetBanking.testCases.TC_LoginDDT_002" time="6.573">
    <failure type="java.lang.AssertionError:">java.lang.AssertionError: null
	at org.junit.Assert.fail(Assert.java:86)
	at org.junit.Assert.assertTrue(Assert.java:41)
	at org.junit.Assert.assertTrue(Assert.java:52)
	at com.inetBanking.testCases.TC_LoginDDT_002.loginDDT(TC_LoginDDT_002.java:28)
</failure>
    <system-out><![CDATA[ INFO [main] (TC_LoginDDT_002.java:18)- Username entered
 INFO [main] (TC_LoginDDT_002.java:20)- Password entered
 INFO [main] (TC_LoginDDT_002.java:22)- Clicked Submit
]]></system-out>
  </testcase>
  <testcase name="loginDDT" classname="com.inetBanking.testCases.TC_LoginDDT_002" time="12.563"/>
  <testcase name="addNewCustomer" classname="com.inetBanking.testCases.TC_AddCustomerTest_003" time="22.3"/>
</testsuite>