<?xml version="1.0" encoding="UTF-8"?>
<testng-results ignored="0" total="1" passed="1" failed="0" skipped="0">
  <reporter-output>
  </reporter-output>
  <suite started-at="2022-03-22T19:47:20 IST" name="InetBankingV1" finished-at="2022-03-22T19:47:49 IST" duration-ms="29058">
    <groups>
    </groups>
    <test started-at="2022-03-22T19:47:20 IST" name="BankingApp Test -- Can be anything" finished-at="2022-03-22T19:47:49 IST" duration-ms="29058">
      <class name="com.inetBanking.testCases.TC_AddCustomerTest_003">
        <test-method is-config="true" signature="setUp(java.lang.String)[pri:0, instance:com.inetBanking.testCases.TC_AddCustomerTest_003@f6efaab]" started-at="2022-03-22T19:47:20 IST" name="setUp" finished-at="2022-03-22T19:47:29 IST" duration-ms="8556" status="PASS">
          <params>
            <param index="0">
              <value>
                <![CDATA[chrome]]>
              </value>
            </param>
          </params>
          <reporter-output>
          </reporter-output>
        </test-method> <!-- setUp -->
        <test-method signature="addNewCustomer()[pri:0, instance:com.inetBanking.testCases.TC_AddCustomerTest_003@f6efaab]" started-at="2022-03-22T19:47:29 IST" name="addNewCustomer" finished-at="2022-03-22T19:47:49 IST" duration-ms="20015" status="PASS">
          <reporter-output>
          </reporter-output>
        </test-method> <!-- addNewCustomer -->
      </class> <!-- com.inetBanking.testCases.TC_AddCustomerTest_003 -->
    </test> <!-- BankingApp Test - Can be anything -->
  </suite> <!-- InetBankingV1 -->
</testng-results>
